

Microchip MPLAB XC8 Assembler V2.45 build 20230818022343 
                                                                                               Sat Jan 06 16:13:30 2024

Microchip MPLAB XC8 C Compiler v2.45 (Free license) build 20230818022343 Og1 
     1                           	processor	18F4620
     2                           	fnconf	rparam,??,?,0
     3                           	pagewidth 120
     4                           	opt	flic
     5                           	psect	idataCOMRAM,global,class=CODE,delta=1,noexec
     6                           	psect	smallconst,global,reloc=2,class=SMALLCONST,delta=1,noexec
     7                           	psect	cinit,global,reloc=2,class=CODE,delta=1
     8                           	psect	bssCOMRAM,global,class=COMRAM,space=1,delta=1,lowdata,noexec
     9                           	psect	dataCOMRAM,global,class=COMRAM,space=1,delta=1,lowdata,noexec
    10                           	psect	cstackCOMRAM,global,class=COMRAM,space=1,delta=1,lowdata,noexec
    11                           	psect	text0,global,reloc=2,class=CODE,delta=1
    12                           	psect	text1,global,reloc=2,class=CODE,delta=1
    13                           	psect	text2,global,reloc=2,class=CODE,delta=1
    14                           	psect	intcode,global,reloc=2,class=CODE,delta=1
    15                           	psect	intcode_body,global,reloc=2,class=CODE,delta=1
    16                           	psect	text4,global,reloc=2,class=CODE,delta=1
    17                           	psect	text5,global,reloc=2,class=CODE,delta=1
    18                           	psect	text6,global,reloc=2,class=CODE,delta=1
    19                           	psect	text7,global,reloc=2,class=CODE,delta=1
    20                           	psect	intsave_regs,global,class=BIGRAM,space=1,delta=1,noexec
    21                           	psect	rparam,global,class=COMRAM,space=1,delta=1,noexec
    22                           	psect	temp,global,ovrld,common,class=COMRAM,space=1,delta=1
    23                           	psect	idloc,global,abs,ovrld,class=IDLOC,space=5,delta=1,noexec
    24                           	psect	config,global,abs,ovrld,class=CONFIG,space=4,delta=1,noexec
    25   000000                     
    26                           ; Generated 23/03/2023 GMT
    27                           ; 
    28                           ; Copyright © 2023, Microchip Technology Inc. and its subsidiaries ("Microchip")
    29                           ; All rights reserved.
    30                           ; 
    31                           ; This software is developed by Microchip Technology Inc. and its subsidiaries ("Microch
      +                          ip").
    32                           ; 
    33                           ; Redistribution and use in source and binary forms, with or without modification, are
    34                           ; permitted provided that the following conditions are met:
    35                           ; 
    36                           ;     1. Redistributions of source code must retain the above copyright notice, this lis
      +                          t of
    37                           ;        conditions and the following disclaimer.
    38                           ; 
    39                           ;     2. Redistributions in binary form must reproduce the above copyright notice, this 
      +                          list
    40                           ;        of conditions and the following disclaimer in the documentation and/or other
    41                           ;        materials provided with the distribution. Publication is not required when
    42                           ;        this file is used in an embedded application.
    43                           ; 
    44                           ;     3. Microchip's name may not be used to endorse or promote products derived from th
      +                          is
    45                           ;        software without specific prior written permission.
    46                           ; 
    47                           ; THIS SOFTWARE IS PROVIDED BY MICROCHIP "AS IS" AND ANY EXPRESS OR IMPLIED WARRANTIES,
    48                           ; INCLUDING, BUT NOT LIMITED TO, THE IMPLIED WARRANTIES OF MERCHANTABILITY AND FITNESS F
      +                          OR
    49                           ; PURPOSE ARE DISCLAIMED.  IN NO EVENT SHALL MICROCHIP BE LIABLE FOR ANY DIRECT, INDIREC
      +                          T,
    50                           ; INCIDENTAL, SPECIAL, EXEMPLARY, OR CONSEQUENTIAL DAMAGES (INCLUDING BUT NOT LIMITED TO
    51                           ; PROCUREMENT OF SUBSTITUTE GOODS OR SERVICES; LOSS OF USE, DATA OR PROFITS; OR BUSINESS
    52                           ; INTERRUPTION) HOWSOEVER CAUSED AND ON ANY THEORY OF LIABILITY, WHETHER IN CONTRACT, ST
      +                          RICT
    53                           ; LIABILITY, OR TORT (INCLUDING NEGLIGENCE OR OTHERWISE) ARISING IN ANY WAY OUT OF THE U
      +                          SE OF
    54                           ; THIS SOFTWARE, EVEN IF ADVISED OF THE POSSIBILITY OF SUCH DAMAGE.
    55                           ; 
    56                           ; 
    57                           ; Code-generator required, PIC18F4620 Definitions
    58                           ; 
    59                           ; SFR Addresses
    60   000000                     
    61                           	psect	idataCOMRAM
    62   001198                     __pidataCOMRAM:
    63                           	callstack 0
    64                           
    65                           ;initializer for _port_register
    66   001198  80                 	db	128
    67   001199  0F                 	db	15
    68   00119A  81                 	db	129
    69   00119B  0F                 	db	15
    70   00119C  82                 	db	130
    71   00119D  0F                 	db	15
    72   00119E  83                 	db	131
    73   00119F  0F                 	db	15
    74   0011A0  84                 	db	132
    75   0011A1  0F                 	db	15
    76                           
    77                           ;initializer for _lat_register
    78   0011A2  89                 	db	137
    79   0011A3  0F                 	db	15
    80   0011A4  8A                 	db	138
    81   0011A5  0F                 	db	15
    82   0011A6  8B                 	db	139
    83   0011A7  0F                 	db	15
    84   0011A8  8C                 	db	140
    85   0011A9  0F                 	db	15
    86   0011AA  8D                 	db	141
    87   0011AB  0F                 	db	15
    88                           
    89                           ;initializer for _tris_register
    90   0011AC  92                 	db	146
    91   0011AD  0F                 	db	15
    92   0011AE  93                 	db	147
    93   0011AF  0F                 	db	15
    94   0011B0  94                 	db	148
    95   0011B1  0F                 	db	15
    96   0011B2  95                 	db	149
    97   0011B3  0F                 	db	15
    98   0011B4  96                 	db	150
    99   0011B5  0F                 	db	15
   100                           
   101                           	psect	smallconst
   102   001000                     __psmallconst:
   103                           	callstack 0
   104   001000  00                 	db	0
   105   001001                     _btn_keypad:
   106                           	callstack 0
   107   001001  37                 	db	55
   108   001002  38                 	db	56
   109   001003  39                 	db	57
   110   001004  2F                 	db	47
   111   001005  34                 	db	52
   112   001006  35                 	db	53
   113   001007  36                 	db	54
   114   001008  2A                 	db	42
   115   001009  31                 	db	49
   116   00100A  32                 	db	50
   117   00100B  33                 	db	51
   118   00100C  2D                 	db	45
   119   00100D  23                 	db	35
   120   00100E  30                 	db	48
   121   00100F  3D                 	db	61
   122   001010  2B                 	db	43
   123   001011                     __end_of_btn_keypad:
   124                           	callstack 0
   125   000000                     _SPBRGH	set	4016
   126   000000                     _SPBRG	set	4015
   127   000000                     _TXSTAbits	set	4012
   128   000000                     _TXREG	set	4013
   129   000000                     _RCREG	set	4014
   130   000000                     _RCSTAbits	set	4011
   131   000000                     _TMR3L	set	4018
   132   000000                     _TMR3H	set	4019
   133   000000                     _TMR2	set	4044
   134   000000                     _T2CONbits	set	4042
   135   000000                     _TMR0L	set	4054
   136   000000                     _TMR0H	set	4055
   137   000000                     _SSPBUF	set	4041
   138   000000                     _SSPSTATbits	set	4039
   139   000000                     _SSPADD	set	4040
   140   000000                     _SSPCON2bits	set	4037
   141   000000                     _SSPCON1bits	set	4038
   142   000000                     _EECON2	set	4007
   143   000000                     _CCPR2H	set	4028
   144   000000                     _CCPR1H	set	4031
   145   000000                     _CCPR2L	set	4027
   146   000000                     _CCPR1L	set	4030
   147   000000                     _PR2	set	4043
   148   000000                     _TRISCbits	set	3988
   149   000000                     _ADCON1bits	set	4033
   150   000000                     _ADRESL	set	4035
   151   000000                     _ADRESH	set	4036
   152   000000                     _LATB	set	3978
   153   000000                     _TRISD	set	3989
   154   000000                     _TRISB	set	3987
   155   000000                     _TRISE	set	3990
   156   000000                     _TMR1L	set	4046
   157   000000                     _TMR1H	set	4047
   158   000000                     _TRISAbits	set	3986
   159   000000                     _LATC	set	3979
   160   000000                     _TRISC	set	3988
   161   000000                     _LATCbits	set	3979
   162   000000                     _ADCON2bits	set	4032
   163   000000                     _ADCON0bits	set	4034
   164   000000                     _T1CONbits	set	4045
   165   000000                     _PORTE	set	3972
   166   000000                     _PORTD	set	3971
   167   000000                     _PORTC	set	3970
   168   000000                     _PORTB	set	3969
   169   000000                     _PORTA	set	3968
   170   000000                     _LATA	set	3977
   171   000000                     _TRISA	set	3986
   172   000000                     _TMR1	set	4046
   173   000000                     _T0CONbits	set	4053
   174   000000                     _INTCONbits	set	4082
   175   000000                     _PIE1bits	set	3997
   176   000000                     _PIR1bits	set	3998
   177   000000                     _CCP2CONbits	set	4026
   178   000000                     _CCP1CONbits	set	4029
   179   000000                     _LATE	set	3981
   180   000000                     _LATD	set	3980
   181   000000                     _PIE2bits	set	4000
   182   000000                     _PIR2bits	set	4001
   183   000000                     _EECON1bits	set	4006
   184   000000                     _EEDATA	set	4008
   185   000000                     _EEADR	set	4009
   186   000000                     _EEADRH	set	4010
   187   000000                     _T3CONbits	set	4017
   188   000000                     _BAUDCONbits	set	4024
   189   001011                     STR_1:
   190   001011  25                 	db	37
   191   001012  69                 	db	105	;'i'
   192   001013  00                 	db	0
   193   001014  00                 	db	0	; dummy byte at the end
   194   000000                     
   195                           ; #config settings
   196                           
   197                           	psect	cinit
   198   001140                     __pcinit:
   199                           	callstack 0
   200   001140                     start_initialization:
   201                           	callstack 0
   202   001140                     __initialization:
   203                           	callstack 0
   204                           
   205                           ; Initialize objects allocated to COMRAM (30 bytes)
   206                           ; load TBLPTR registers with __pidataCOMRAM
   207   001140  0E98               	movlw	low __pidataCOMRAM
   208   001142  6EF6               	movwf	tblptrl,c
   209   001144  0E11               	movlw	high __pidataCOMRAM
   210   001146  6EF7               	movwf	tblptrh,c
   211   001148  0E00               	movlw	low (__pidataCOMRAM shr (0+16))
   212   00114A  6EF8               	movwf	tblptru,c
   213   00114C  EE00  F038         	lfsr	0,__pdataCOMRAM
   214   001150  EE10 F01E          	lfsr	1,30
   215   001154                     copy_data0:
   216   001154  0009               	tblrd		*+
   217   001156  CFF5 FFEE          	movff	tablat,postinc0
   218   00115A  50E5               	movf	postdec1,w,c
   219   00115C  50E1               	movf	fsr1l,w,c
   220   00115E  E1FA               	bnz	copy_data0
   221                           
   222                           ; Clear objects allocated to COMRAM (55 bytes)
   223   001160  EE00  F001         	lfsr	0,__pbssCOMRAM
   224   001164  0E37               	movlw	55
   225   001166                     clear_0:
   226   001166  6AEE               	clrf	postinc0,c
   227   001168  06E8               	decf	wreg,f,c
   228   00116A  E1FD               	bnz	clear_0
   229   00116C                     end_of_initialization:
   230                           	callstack 0
   231   00116C                     __end_of__initialization:
   232                           	callstack 0
   233   00116C  9058               	bcf	int$flags,0,c	;clear compiler interrupt flag (level 1)
   234   00116E  9258               	bcf	int$flags,1,c	;clear compiler interrupt flag (level 2)
   235   001170  0100               	movlb	0
   236   001172  EFBB  F008         	goto	_main	;jump to C main() function
   237                           
   238                           	psect	bssCOMRAM
   239   000001                     __pbssCOMRAM:
   240                           	callstack 0
   241   000001                     _EUSART_FramingErr_InterruptHandler:
   242                           	callstack 0
   243   000001                     	ds	2
   244   000003                     _EUSART_OverrunErr_InterruptHandler:
   245                           	callstack 0
   246   000003                     	ds	2
   247   000005                     _EUSART_RX_InterruptHandler:
   248                           	callstack 0
   249   000005                     	ds	2
   250   000007                     _EUSART_TX_InterruptHandler:
   251                           	callstack 0
   252   000007                     	ds	2
   253   000009                     _Timer3_Preload:
   254                           	callstack 0
   255   000009                     	ds	2
   256   00000B                     _Timer1_Preload:
   257                           	callstack 0
   258   00000B                     	ds	2
   259   00000D                     _Timer0_Preload:
   260                           	callstack 0
   261   00000D                     	ds	2
   262   00000F                     _RB7_Call_Back_fun_LOW:
   263                           	callstack 0
   264   00000F                     	ds	2
   265   000011                     _RB7_Call_Back_fun_HIGH:
   266                           	callstack 0
   267   000011                     	ds	2
   268   000013                     _RB6_Call_Back_fun_LOW:
   269                           	callstack 0
   270   000013                     	ds	2
   271   000015                     _RB6_Call_Back_fun_HIGH:
   272                           	callstack 0
   273   000015                     	ds	2
   274   000017                     _RB5_Call_Back_fun_LOW:
   275                           	callstack 0
   276   000017                     	ds	2
   277   000019                     _RB5_Call_Back_fun_HIGH:
   278                           	callstack 0
   279   000019                     	ds	2
   280   00001B                     _RB4_Call_Back_fun_LOW:
   281                           	callstack 0
   282   00001B                     	ds	2
   283   00001D                     _RB4_Call_Back_fun_HIGH:
   284                           	callstack 0
   285   00001D                     	ds	2
   286   00001F                     _INT2_Call_Back_fun:
   287                           	callstack 0
   288   00001F                     	ds	2
   289   000021                     _INT1_Call_Back_fun:
   290                           	callstack 0
   291   000021                     	ds	2
   292   000023                     _INT0_Call_Back_fun:
   293                           	callstack 0
   294   000023                     	ds	2
   295   000025                     _MSSP_I2C_collision_IntrruptHandler:
   296                           	callstack 0
   297   000025                     	ds	2
   298   000027                     _MSSP_I2C_Recieve_OverFlow_InterruptHandler:
   299                           	callstack 0
   300   000027                     	ds	2
   301   000029                     _MSSP_I2C_InterruptHandler:
   302                           	callstack 0
   303   000029                     	ds	2
   304   00002B                     CCP_CaptureMode_Read_Value@F3124:
   305                           	callstack 0
   306   00002B                     	ds	2
   307   00002D                     _Timer2_Preload:
   308                           	callstack 0
   309   00002D                     	ds	1
   310   00002E                     relay_off@F3063:
   311                           	callstack 0
   312   00002E                     	ds	1
   313   00002F                     relay_on@F3058:
   314                           	callstack 0
   315   00002F                     	ds	1
   316   000030                     relay_intialize@F3053:
   317                           	callstack 0
   318   000030                     	ds	1
   319   000031                     led_turn_toggle@F3074:
   320                           	callstack 0
   321   000031                     	ds	1
   322   000032                     led_turn_off@F3069:
   323                           	callstack 0
   324   000032                     	ds	1
   325   000033                     led_turn_on@F3064:
   326                           	callstack 0
   327   000033                     	ds	1
   328   000034                     led_initialize@F3059:
   329                           	callstack 0
   330   000034                     	ds	1
   331   000035                     	ds	1
   332   000036                     	ds	1
   333   000037                     _spi_obj:
   334                           	callstack 0
   335   000037                     	ds	1
   336                           
   337                           	psect	dataCOMRAM
   338   000038                     __pdataCOMRAM:
   339                           	callstack 0
   340   000038                     _port_register:
   341                           	callstack 0
   342   000038                     	ds	10
   343   000042                     _lat_register:
   344                           	callstack 0
   345   000042                     	ds	10
   346   00004C                     _tris_register:
   347                           	callstack 0
   348   00004C                     	ds	10
   349                           
   350                           	psect	cstackCOMRAM
   351   000056                     __pcstackCOMRAM:
   352                           	callstack 0
   353   000056                     SPI_Initialize@_spi:
   354                           	callstack 0
   355   000056                     SPI_Master_Send_Byte_polling@data:
   356                           	callstack 0
   357                           
   358                           ; 1 bytes @ 0x0
   359   000056                     	ds	1
   360   000057                     ??_SPI_Initialize:
   361                           
   362                           ; 1 bytes @ 0x1
   363   000057                     	ds	1
   364   000058                     
   365                           ; 1 bytes @ 0x2
   366 ;;
   367 ;;Main: autosize = 0, tempsize = 0, incstack = 0, save=0
   368 ;;
   369 ;; *************** function _main *****************
   370 ;; Defined at:
   371 ;;		line 19 in file "application.c"
   372 ;; Parameters:    Size  Location     Type
   373 ;;		None
   374 ;; Auto vars:     Size  Location     Type
   375 ;;		None
   376 ;; Return value:  Size  Location     Type
   377 ;;                  2  1550[None  ] int 
   378 ;; Registers used:
   379 ;;		wreg, fsr2l, fsr2h, status,2, status,0, cstack
   380 ;; Tracked objects:
   381 ;;		On entry : 0/0
   382 ;;		On exit  : 0/0
   383 ;;		Unchanged: 0/0
   384 ;; Data sizes:     COMRAM   BANK0   BANK1   BANK2   BANK3   BANK4   BANK5   BANK6   BANK7   BANK8   BANK9  BANK10  BANK1
      +1  BANK12  BANK13  BANK14  BANK15
   385 ;;      Params:         0       0       0       0       0       0       0       0       0       0       0       0       
      +0       0       0       0       0
   386 ;;      Locals:         0       0       0       0       0       0       0       0       0       0       0       0       
      +0       0       0       0       0
   387 ;;      Temps:          0       0       0       0       0       0       0       0       0       0       0       0       
      +0       0       0       0       0
   388 ;;      Totals:         0       0       0       0       0       0       0       0       0       0       0       0       
      +0       0       0       0       0
   389 ;;Total ram usage:        0 bytes
   390 ;; Hardware stack levels required when called: 3
   391 ;; This function calls:
   392 ;;		_SPI_Initialize
   393 ;;		_SPI_Master_Send_Byte_polling
   394 ;; This function is called by:
   395 ;;		Startup code after reset
   396 ;; This function uses a non-reentrant model
   397 ;;
   398                           
   399                           	psect	text0
   400   001176                     __ptext0:
   401                           	callstack 0
   402   001176                     _main:
   403                           	callstack 28
   404   001176                     
   405                           ;application.c: 20:     SPI_Initialize(&spi_obj);
   406   001176  0E37               	movlw	low _spi_obj
   407   001178  6E56               	movwf	SPI_Initialize@_spi^0,c
   408   00117A  EC0B  F008         	call	_SPI_Initialize	;wreg free
   409   00117E                     l4700:
   410                           
   411                           ;application.c: 22:     SPI_Master_Send_Byte_polling('a');
   412   00117E  0E61               	movlw	97
   413   001180  ECDB  F008         	call	_SPI_Master_Send_Byte_polling
   414   001184                     
   415                           ;application.c: 23:     SPI_Master_Send_Byte_polling('b');
   416   001184  0E62               	movlw	98
   417   001186  ECDB  F008         	call	_SPI_Master_Send_Byte_polling
   418   00118A                     
   419                           ;application.c: 24:     SPI_Master_Send_Byte_polling('c');
   420   00118A  0E63               	movlw	99
   421   00118C  ECDB  F008         	call	_SPI_Master_Send_Byte_polling
   422   001190  EFBF  F008         	goto	l4700
   423   001194  EF07  F000         	goto	start
   424   001198                     __end_of_main:
   425                           	callstack 0
   426                           
   427 ;; *************** function _SPI_Master_Send_Byte_polling *****************
   428 ;; Defined at:
   429 ;;		line 55 in file "MCAL_Layer/SPI/hal_spi.c"
   430 ;; Parameters:    Size  Location     Type
   431 ;;  data            1    wreg     unsigned char 
   432 ;; Auto vars:     Size  Location     Type
   433 ;;  data            1    0[COMRAM] unsigned char 
   434 ;;  status          1    0        unsigned char 
   435 ;; Return value:  Size  Location     Type
   436 ;;                  1    wreg      unsigned char 
   437 ;; Registers used:
   438 ;;		wreg, status,2
   439 ;; Tracked objects:
   440 ;;		On entry : 0/0
   441 ;;		On exit  : 0/0
   442 ;;		Unchanged: 0/0
   443 ;; Data sizes:     COMRAM   BANK0   BANK1   BANK2   BANK3   BANK4   BANK5   BANK6   BANK7   BANK8   BANK9  BANK10  BANK1
      +1  BANK12  BANK13  BANK14  BANK15
   444 ;;      Params:         0       0       0       0       0       0       0       0       0       0       0       0       
      +0       0       0       0       0
   445 ;;      Locals:         1       0       0       0       0       0       0       0       0       0       0       0       
      +0       0       0       0       0
   446 ;;      Temps:          0       0       0       0       0       0       0       0       0       0       0       0       
      +0       0       0       0       0
   447 ;;      Totals:         1       0       0       0       0       0       0       0       0       0       0       0       
      +0       0       0       0       0
   448 ;;Total ram usage:        1 bytes
   449 ;; Hardware stack levels used: 1
   450 ;; Hardware stack levels required when called: 2
   451 ;; This function calls:
   452 ;;		Nothing
   453 ;; This function is called by:
   454 ;;		_main
   455 ;; This function uses a non-reentrant model
   456 ;;
   457                           
   458                           	psect	text1
   459   0011B6                     __ptext1:
   460                           	callstack 0
   461   0011B6                     _SPI_Master_Send_Byte_polling:
   462                           	callstack 28
   463                           
   464                           ;incstack = 0
   465                           ;SPI_Master_Send_Byte_polling@data stored from wreg
   466   0011B6  6E56               	movwf	SPI_Master_Send_Byte_polling@data^0,c
   467   0011B8                     
   468                           ;MCAL_Layer/SPI/hal_spi.c: 57:         SSPBUF = data;
   469   0011B8  C056  FFC9         	movff	SPI_Master_Send_Byte_polling@data,4041	;volatile
   470   0011BC                     l1198:
   471   0011BC  A69E               	btfss	158,3,c	;volatile
   472   0011BE  EFE3  F008         	goto	u361
   473   0011C2  EFE5  F008         	goto	u360
   474   0011C6                     u361:
   475   0011C6  EFDE  F008         	goto	l1198
   476   0011CA                     u360:
   477   0011CA                     
   478                           ;MCAL_Layer/SPI/hal_spi.c: 59:         PIR1bits.SSPIF = 0;
   479   0011CA  969E               	bcf	158,3,c	;volatile
   480   0011CC  50C9               	movf	201,w,c	;volatile
   481   0011CE  0012               	return		;funcret
   482   0011D0                     __end_of_SPI_Master_Send_Byte_polling:
   483                           	callstack 0
   484                           
   485 ;; *************** function _SPI_Initialize *****************
   486 ;; Defined at:
   487 ;;		line 11 in file "MCAL_Layer/SPI/hal_spi.c"
   488 ;; Parameters:    Size  Location     Type
   489 ;;  _spi            1    0[COMRAM] PTR const struct .
   490 ;;		 -> spi_obj(1), 
   491 ;; Auto vars:     Size  Location     Type
   492 ;;  status          1    0        unsigned char 
   493 ;; Return value:  Size  Location     Type
   494 ;;                  1    wreg      unsigned char 
   495 ;; Registers used:
   496 ;;		wreg, fsr2l, fsr2h, status,2, status,0
   497 ;; Tracked objects:
   498 ;;		On entry : 0/0
   499 ;;		On exit  : 0/0
   500 ;;		Unchanged: 0/0
   501 ;; Data sizes:     COMRAM   BANK0   BANK1   BANK2   BANK3   BANK4   BANK5   BANK6   BANK7   BANK8   BANK9  BANK10  BANK1
      +1  BANK12  BANK13  BANK14  BANK15
   502 ;;      Params:         1       0       0       0       0       0       0       0       0       0       0       0       
      +0       0       0       0       0
   503 ;;      Locals:         0       0       0       0       0       0       0       0       0       0       0       0       
      +0       0       0       0       0
   504 ;;      Temps:          1       0       0       0       0       0       0       0       0       0       0       0       
      +0       0       0       0       0
   505 ;;      Totals:         2       0       0       0       0       0       0       0       0       0       0       0       
      +0       0       0       0       0
   506 ;;Total ram usage:        2 bytes
   507 ;; Hardware stack levels used: 1
   508 ;; Hardware stack levels required when called: 2
   509 ;; This function calls:
   510 ;;		Nothing
   511 ;; This function is called by:
   512 ;;		_main
   513 ;; This function uses a non-reentrant model
   514 ;;
   515                           
   516                           	psect	text2
   517   001016                     __ptext2:
   518                           	callstack 0
   519   001016                     _SPI_Initialize:
   520                           	callstack 28
   521   001016                     
   522                           ;MCAL_Layer/SPI/hal_spi.c: 13:     if(((void*)0) == _spi){
   523   001016  5056               	movf	SPI_Initialize@_spi^0,w,c
   524   001018  A4D8               	btfss	status,2,c
   525   00101A  EF11  F008         	goto	u2871
   526   00101E  EF13  F008         	goto	u2870
   527   001022                     u2871:
   528   001022  EF15  F008         	goto	l1182
   529   001026                     u2870:
   530   001026                     
   531                           ;MCAL_Layer/SPI/hal_spi.c: 15:     }
   532   001026  EF5C  F008         	goto	l1192
   533   00102A                     l1182:
   534                           
   535                           ;MCAL_Layer/SPI/hal_spi.c: 18:         (SSPCON1bits.SSPEN = 0);
   536   00102A  9AC6               	bcf	198,5,c	;volatile
   537                           
   538                           ;MCAL_Layer/SPI/hal_spi.c: 20:         TRISCbits.RC5 = 0;
   539   00102C  9A94               	bcf	148,5,c	;volatile
   540                           
   541                           ;MCAL_Layer/SPI/hal_spi.c: 21:         TRISCbits.RC3 = 0;
   542   00102E  9694               	bcf	148,3,c	;volatile
   543                           
   544                           ;MCAL_Layer/SPI/hal_spi.c: 22:         TRISAbits.RA5 = 0;
   545   001030  9A92               	bcf	146,5,c	;volatile
   546   001032                     
   547                           ;MCAL_Layer/SPI/hal_spi.c: 24:         (SSPCON1bits.SSPM = _spi->spi_mode);
   548   001032  5056               	movf	SPI_Initialize@_spi^0,w,c
   549   001034  6ED9               	movwf	fsr2l,c
   550   001036  6ADA               	clrf	fsr2h,c
   551   001038  B0DF               	btfsc	indf2,0,c
   552   00103A  EF21  F008         	goto	u2881
   553   00103E  EF25  F008         	goto	u2880
   554   001042                     u2881:
   555   001042  6A57               	clrf	??_SPI_Initialize^0,c
   556   001044  2A57               	incf	??_SPI_Initialize^0,f,c
   557   001046  EF26  F008         	goto	u2888
   558   00104A                     u2880:
   559   00104A  6A57               	clrf	??_SPI_Initialize^0,c
   560   00104C                     u2888:
   561   00104C  50C6               	movf	198,w,c	;volatile
   562   00104E  1857               	xorwf	??_SPI_Initialize^0,w,c
   563   001050  0BF0               	andlw	-16
   564   001052  1857               	xorwf	??_SPI_Initialize^0,w,c
   565   001054  6EC6               	movwf	198,c	;volatile
   566   001056                     
   567                           ;MCAL_Layer/SPI/hal_spi.c: 26:         if(1 == _spi->spi_clock_polarity){
   568   001056  5056               	movf	SPI_Initialize@_spi^0,w,c
   569   001058  6ED9               	movwf	fsr2l,c
   570   00105A  6ADA               	clrf	fsr2h,c
   571   00105C  A2DF               	btfss	indf2,1,c
   572   00105E  EF33  F008         	goto	u2891
   573   001062  EF35  F008         	goto	u2890
   574   001066                     u2891:
   575   001066  EF38  F008         	goto	l4682
   576   00106A                     u2890:
   577   00106A                     
   578                           ;MCAL_Layer/SPI/hal_spi.c: 27:             (SSPCON1bits.CKP = 1);
   579   00106A  88C6               	bsf	198,4,c	;volatile
   580                           
   581                           ;MCAL_Layer/SPI/hal_spi.c: 28:         }
   582   00106C  EF43  F008         	goto	l4686
   583   001070                     l4682:
   584   001070  5056               	movf	SPI_Initialize@_spi^0,w,c
   585   001072  6ED9               	movwf	fsr2l,c
   586   001074  6ADA               	clrf	fsr2h,c
   587   001076  B2DF               	btfsc	indf2,1,c
   588   001078  EF40  F008         	goto	u2901
   589   00107C  EF42  F008         	goto	u2900
   590   001080                     u2901:
   591   001080  EF43  F008         	goto	l4686
   592   001084                     u2900:
   593   001084                     
   594                           ;MCAL_Layer/SPI/hal_spi.c: 30:             (SSPCON1bits.CKP = 0);
   595   001084  98C6               	bcf	198,4,c	;volatile
   596   001086                     l4686:
   597                           
   598                           ;MCAL_Layer/SPI/hal_spi.c: 34:         if(0 == _spi->spi_transmit_clk_select){
   599   001086  5056               	movf	SPI_Initialize@_spi^0,w,c
   600   001088  6ED9               	movwf	fsr2l,c
   601   00108A  6ADA               	clrf	fsr2h,c
   602   00108C  B4DF               	btfsc	indf2,2,c
   603   00108E  EF4B  F008         	goto	u2911
   604   001092  EF4D  F008         	goto	u2910
   605   001096                     u2911:
   606   001096  EF50  F008         	goto	l4690
   607   00109A                     u2910:
   608   00109A                     
   609                           ;MCAL_Layer/SPI/hal_spi.c: 35:             (SSPSTATbits.CKE = 0);
   610   00109A  9CC7               	bcf	199,6,c	;volatile
   611                           
   612                           ;MCAL_Layer/SPI/hal_spi.c: 36:         }
   613   00109C  EF5B  F008         	goto	l1189
   614   0010A0                     l4690:
   615   0010A0  5056               	movf	SPI_Initialize@_spi^0,w,c
   616   0010A2  6ED9               	movwf	fsr2l,c
   617   0010A4  6ADA               	clrf	fsr2h,c
   618   0010A6  A4DF               	btfss	indf2,2,c
   619   0010A8  EF58  F008         	goto	u2921
   620   0010AC  EF5A  F008         	goto	u2920
   621   0010B0                     u2921:
   622   0010B0  EF5B  F008         	goto	l1189
   623   0010B4                     u2920:
   624   0010B4                     
   625                           ;MCAL_Layer/SPI/hal_spi.c: 38:             (SSPSTATbits.CKE = 1);
   626   0010B4  8CC7               	bsf	199,6,c	;volatile
   627   0010B6                     l1189:
   628                           
   629                           ;MCAL_Layer/SPI/hal_spi.c: 42:         (SSPCON1bits.SSPEN = 1);
   630   0010B6  8AC6               	bsf	198,5,c	;volatile
   631   0010B8                     l1192:
   632   0010B8  0012               	return		;funcret
   633   0010BA                     __end_of_SPI_Initialize:
   634                           	callstack 0
   635                           
   636 ;; *************** function _Interrupt_Manager *****************
   637 ;; Defined at:
   638 ;;		line 28 in file "MCAL_Layer/Interrupt/mcal_interrupt_manager.c"
   639 ;; Parameters:    Size  Location     Type
   640 ;;		None
   641 ;; Auto vars:     Size  Location     Type
   642 ;;		None
   643 ;; Return value:  Size  Location     Type
   644 ;;                  1    wreg      void 
   645 ;; Registers used:
   646 ;;		wreg, status,2, status,0, cstack
   647 ;; Tracked objects:
   648 ;;		On entry : 0/0
   649 ;;		On exit  : 0/0
   650 ;;		Unchanged: 0/0
   651 ;; Data sizes:     COMRAM   BANK0   BANK1   BANK2   BANK3   BANK4   BANK5   BANK6   BANK7   BANK8   BANK9  BANK10  BANK1
      +1  BANK12  BANK13  BANK14  BANK15
   652 ;;      Params:         0       0       0       0       0       0       0       0       0       0       0       0       
      +0       0       0       0       0
   653 ;;      Locals:         0       0       0       0       0       0       0       0       0       0       0       0       
      +0       0       0       0       0
   654 ;;      Temps:          0       0       0       0       0       0       0       0       0       0       0       0       
      +0       0       0       0       0
   655 ;;      Totals:         0       0       0       0       0       0       0       0       0       0       0       0       
      +0       0       0       0       0
   656 ;;Total ram usage:        0 bytes
   657 ;; Hardware stack levels used: 1
   658 ;; Hardware stack levels required when called: 1
   659 ;; This function calls:
   660 ;;		_EUSART_RX_ISR
   661 ;;		_EUSART_TX_ISR
   662 ;;		_MSSP_I2C_BUS_Colision
   663 ;;		_MSSP_I2C_ISR
   664 ;; This function is called by:
   665 ;;		Interrupt level 2
   666 ;; This function uses a non-reentrant model
   667 ;;
   668                           
   669                           	psect	intcode
   670   000008                     __pintcode:
   671                           	callstack 0
   672   000008                     _Interrupt_Manager:
   673                           	callstack 28
   674                           
   675                           ;incstack = 0
   676   000008  8258               	bsf	int$flags,1,c	;set compiler interrupt flag (level 2)
   677   00000A  ED5D  F008         	call	int_func,f	;refresh shadow registers
   678                           
   679                           	psect	intcode_body
   680   0010BA                     __pintcode_body:
   681                           	callstack 28
   682   0010BA                     int_func:
   683                           	callstack 28
   684   0010BA  0006               	pop		; remove dummy address from shadow register refresh
   685   0010BC                     
   686                           ;MCAL_Layer/Interrupt/mcal_interrupt_manager.c: 93:     if((1 == PIE1bits.TXIE) && (1 ==
      +                           PIR1bits.TXIF)){
   687   0010BC  A89D               	btfss	157,4,c	;volatile
   688   0010BE  EF63  F008         	goto	i2u217_41
   689   0010C2  EF65  F008         	goto	i2u217_40
   690   0010C6                     i2u217_41:
   691   0010C6  EF6E  F008         	goto	i2l1160
   692   0010CA                     i2u217_40:
   693   0010CA  A89E               	btfss	158,4,c	;volatile
   694   0010CC  EF6A  F008         	goto	i2u218_41
   695   0010D0  EF6C  F008         	goto	i2u218_40
   696   0010D4                     i2u218_41:
   697   0010D4  EF6E  F008         	goto	i2l1160
   698   0010D8                     i2u218_40:
   699   0010D8                     
   700                           ;MCAL_Layer/Interrupt/mcal_interrupt_manager.c: 94:         EUSART_TX_ISR();
   701   0010D8  ECEC  F008         	call	_EUSART_TX_ISR	;wreg free
   702   0010DC                     i2l1160:
   703                           
   704                           ;MCAL_Layer/Interrupt/mcal_interrupt_manager.c: 100:     if((1 == PIE1bits.RCIE) && (1 =
      +                          = PIR1bits.RCIF)){
   705   0010DC  AA9D               	btfss	157,5,c	;volatile
   706   0010DE  EF73  F008         	goto	i2u219_41
   707   0010E2  EF75  F008         	goto	i2u219_40
   708   0010E6                     i2u219_41:
   709   0010E6  EF7E  F008         	goto	i2l1162
   710   0010EA                     i2u219_40:
   711   0010EA  AA9E               	btfss	158,5,c	;volatile
   712   0010EC  EF7A  F008         	goto	i2u220_41
   713   0010F0  EF7C  F008         	goto	i2u220_40
   714   0010F4                     i2u220_41:
   715   0010F4  EF7E  F008         	goto	i2l1162
   716   0010F8                     i2u220_40:
   717   0010F8                     
   718                           ;MCAL_Layer/Interrupt/mcal_interrupt_manager.c: 101:         EUSART_RX_ISR();
   719   0010F8  ECEE  F008         	call	_EUSART_RX_ISR	;wreg free
   720   0010FC                     i2l1162:
   721                           
   722                           ;MCAL_Layer/Interrupt/mcal_interrupt_manager.c: 107:     if((1 == PIE1bits.SSPIE) && (1 
      +                          == PIR1bits.SSPIF)){
   723   0010FC  A69D               	btfss	157,3,c	;volatile
   724   0010FE  EF83  F008         	goto	i2u221_41
   725   001102  EF85  F008         	goto	i2u221_40
   726   001106                     i2u221_41:
   727   001106  EF8E  F008         	goto	i2l1164
   728   00110A                     i2u221_40:
   729   00110A  A69E               	btfss	158,3,c	;volatile
   730   00110C  EF8A  F008         	goto	i2u222_41
   731   001110  EF8C  F008         	goto	i2u222_40
   732   001114                     i2u222_41:
   733   001114  EF8E  F008         	goto	i2l1164
   734   001118                     i2u222_40:
   735   001118                     
   736                           ;MCAL_Layer/Interrupt/mcal_interrupt_manager.c: 108:         MSSP_I2C_ISR();
   737   001118  ECE8  F008         	call	_MSSP_I2C_ISR	;wreg free
   738   00111C                     i2l1164:
   739                           
   740                           ;MCAL_Layer/Interrupt/mcal_interrupt_manager.c: 114:     if((1 == PIE2bits.BCLIE) && (1 
      +                          == PIR2bits.BCLIF)){
   741   00111C  A6A0               	btfss	160,3,c	;volatile
   742   00111E  EF93  F008         	goto	i2u223_41
   743   001122  EF95  F008         	goto	i2u223_40
   744   001126                     i2u223_41:
   745   001126  EF9E  F008         	goto	i2l1167
   746   00112A                     i2u223_40:
   747   00112A  A6A1               	btfss	161,3,c	;volatile
   748   00112C  EF9A  F008         	goto	i2u224_41
   749   001130  EF9C  F008         	goto	i2u224_40
   750   001134                     i2u224_41:
   751   001134  EF9E  F008         	goto	i2l1167
   752   001138                     i2u224_40:
   753   001138                     
   754                           ;MCAL_Layer/Interrupt/mcal_interrupt_manager.c: 115:         MSSP_I2C_BUS_Colision();
   755   001138  ECEA  F008         	call	_MSSP_I2C_BUS_Colision	;wreg free
   756   00113C                     i2l1167:
   757   00113C  9258               	bcf	int$flags,1,c	;clear compiler interrupt flag (level 2)
   758   00113E  0011               	retfie		f
   759   001140                     __end_of_Interrupt_Manager:
   760                           	callstack 0
   761                           
   762 ;; *************** function _MSSP_I2C_ISR *****************
   763 ;; Defined at:
   764 ;;		line 255 in file "MCAL_Layer/I2C/hal_i2c.c"
   765 ;; Parameters:    Size  Location     Type
   766 ;;		None
   767 ;; Auto vars:     Size  Location     Type
   768 ;;		None
   769 ;; Return value:  Size  Location     Type
   770 ;;                  1    wreg      void 
   771 ;; Registers used:
   772 ;;		None
   773 ;; Tracked objects:
   774 ;;		On entry : 0/0
   775 ;;		On exit  : 0/0
   776 ;;		Unchanged: 0/0
   777 ;; Data sizes:     COMRAM   BANK0   BANK1   BANK2   BANK3   BANK4   BANK5   BANK6   BANK7   BANK8   BANK9  BANK10  BANK1
      +1  BANK12  BANK13  BANK14  BANK15
   778 ;;      Params:         0       0       0       0       0       0       0       0       0       0       0       0       
      +0       0       0       0       0
   779 ;;      Locals:         0       0       0       0       0       0       0       0       0       0       0       0       
      +0       0       0       0       0
   780 ;;      Temps:          0       0       0       0       0       0       0       0       0       0       0       0       
      +0       0       0       0       0
   781 ;;      Totals:         0       0       0       0       0       0       0       0       0       0       0       0       
      +0       0       0       0       0
   782 ;;Total ram usage:        0 bytes
   783 ;; Hardware stack levels used: 1
   784 ;; This function calls:
   785 ;;		Nothing
   786 ;; This function is called by:
   787 ;;		_Interrupt_Manager
   788 ;; This function uses a non-reentrant model
   789 ;;
   790                           
   791                           	psect	text4
   792   0011D0                     __ptext4:
   793                           	callstack 0
   794   0011D0                     _MSSP_I2C_ISR:
   795                           	callstack 28
   796   0011D0                     
   797                           ;MCAL_Layer/I2C/hal_i2c.c: 256:     (PIR1bits.SSPIF = 0);
   798   0011D0  969E               	bcf	158,3,c	;volatile
   799   0011D2  0012               	return		;funcret
   800   0011D4                     __end_of_MSSP_I2C_ISR:
   801                           	callstack 0
   802                           
   803 ;; *************** function _MSSP_I2C_BUS_Colision *****************
   804 ;; Defined at:
   805 ;;		line 262 in file "MCAL_Layer/I2C/hal_i2c.c"
   806 ;; Parameters:    Size  Location     Type
   807 ;;		None
   808 ;; Auto vars:     Size  Location     Type
   809 ;;		None
   810 ;; Return value:  Size  Location     Type
   811 ;;                  1    wreg      void 
   812 ;; Registers used:
   813 ;;		None
   814 ;; Tracked objects:
   815 ;;		On entry : 0/0
   816 ;;		On exit  : 0/0
   817 ;;		Unchanged: 0/0
   818 ;; Data sizes:     COMRAM   BANK0   BANK1   BANK2   BANK3   BANK4   BANK5   BANK6   BANK7   BANK8   BANK9  BANK10  BANK1
      +1  BANK12  BANK13  BANK14  BANK15
   819 ;;      Params:         0       0       0       0       0       0       0       0       0       0       0       0       
      +0       0       0       0       0
   820 ;;      Locals:         0       0       0       0       0       0       0       0       0       0       0       0       
      +0       0       0       0       0
   821 ;;      Temps:          0       0       0       0       0       0       0       0       0       0       0       0       
      +0       0       0       0       0
   822 ;;      Totals:         0       0       0       0       0       0       0       0       0       0       0       0       
      +0       0       0       0       0
   823 ;;Total ram usage:        0 bytes
   824 ;; Hardware stack levels used: 1
   825 ;; This function calls:
   826 ;;		Nothing
   827 ;; This function is called by:
   828 ;;		_Interrupt_Manager
   829 ;; This function uses a non-reentrant model
   830 ;;
   831                           
   832                           	psect	text5
   833   0011D4                     __ptext5:
   834                           	callstack 0
   835   0011D4                     _MSSP_I2C_BUS_Colision:
   836                           	callstack 28
   837   0011D4                     
   838                           ;MCAL_Layer/I2C/hal_i2c.c: 263:     (PIR2bits.BCLIF = 0);
   839   0011D4  96A1               	bcf	161,3,c	;volatile
   840   0011D6  0012               	return		;funcret
   841   0011D8                     __end_of_MSSP_I2C_BUS_Colision:
   842                           	callstack 0
   843                           
   844 ;; *************** function _EUSART_TX_ISR *****************
   845 ;; Defined at:
   846 ;;		line 296 in file "MCAL_Layer/USART/hal_usart.c"
   847 ;; Parameters:    Size  Location     Type
   848 ;;		None
   849 ;; Auto vars:     Size  Location     Type
   850 ;;		None
   851 ;; Return value:  Size  Location     Type
   852 ;;                  1    wreg      void 
   853 ;; Registers used:
   854 ;;		None
   855 ;; Tracked objects:
   856 ;;		On entry : 0/0
   857 ;;		On exit  : 0/0
   858 ;;		Unchanged: 0/0
   859 ;; Data sizes:     COMRAM   BANK0   BANK1   BANK2   BANK3   BANK4   BANK5   BANK6   BANK7   BANK8   BANK9  BANK10  BANK1
      +1  BANK12  BANK13  BANK14  BANK15
   860 ;;      Params:         0       0       0       0       0       0       0       0       0       0       0       0       
      +0       0       0       0       0
   861 ;;      Locals:         0       0       0       0       0       0       0       0       0       0       0       0       
      +0       0       0       0       0
   862 ;;      Temps:          0       0       0       0       0       0       0       0       0       0       0       0       
      +0       0       0       0       0
   863 ;;      Totals:         0       0       0       0       0       0       0       0       0       0       0       0       
      +0       0       0       0       0
   864 ;;Total ram usage:        0 bytes
   865 ;; Hardware stack levels used: 1
   866 ;; This function calls:
   867 ;;		Nothing
   868 ;; This function is called by:
   869 ;;		_Interrupt_Manager
   870 ;; This function uses a non-reentrant model
   871 ;;
   872                           
   873                           	psect	text6
   874   0011D8                     __ptext6:
   875                           	callstack 0
   876   0011D8                     _EUSART_TX_ISR:
   877                           	callstack 28
   878   0011D8                     
   879                           ;MCAL_Layer/USART/hal_usart.c: 297:     (PIE1bits.TXIE = 0);
   880   0011D8  989D               	bcf	157,4,c	;volatile
   881   0011DA  0012               	return		;funcret
   882   0011DC                     __end_of_EUSART_TX_ISR:
   883                           	callstack 0
   884                           
   885 ;; *************** function _EUSART_RX_ISR *****************
   886 ;; Defined at:
   887 ;;		line 282 in file "MCAL_Layer/USART/hal_usart.c"
   888 ;; Parameters:    Size  Location     Type
   889 ;;		None
   890 ;; Auto vars:     Size  Location     Type
   891 ;;		None
   892 ;; Return value:  Size  Location     Type
   893 ;;                  1    wreg      void 
   894 ;; Registers used:
   895 ;;		wreg, status,2, status,0
   896 ;; Tracked objects:
   897 ;;		On entry : 0/0
   898 ;;		On exit  : 0/0
   899 ;;		Unchanged: 0/0
   900 ;; Data sizes:     COMRAM   BANK0   BANK1   BANK2   BANK3   BANK4   BANK5   BANK6   BANK7   BANK8   BANK9  BANK10  BANK1
      +1  BANK12  BANK13  BANK14  BANK15
   901 ;;      Params:         0       0       0       0       0       0       0       0       0       0       0       0       
      +0       0       0       0       0
   902 ;;      Locals:         0       0       0       0       0       0       0       0       0       0       0       0       
      +0       0       0       0       0
   903 ;;      Temps:          0       0       0       0       0       0       0       0       0       0       0       0       
      +0       0       0       0       0
   904 ;;      Totals:         0       0       0       0       0       0       0       0       0       0       0       0       
      +0       0       0       0       0
   905 ;;Total ram usage:        0 bytes
   906 ;; Hardware stack levels used: 1
   907 ;; This function calls:
   908 ;;		Nothing
   909 ;; This function is called by:
   910 ;;		_Interrupt_Manager
   911 ;; This function uses a non-reentrant model
   912 ;;
   913                           
   914                           	psect	text7
   915   0011DC                     __ptext7:
   916                           	callstack 0
   917   0011DC                     _EUSART_RX_ISR:
   918                           	callstack 28
   919   0011DC  0012               	return		;funcret
   920   0011DE                     __end_of_EUSART_RX_ISR:
   921                           	callstack 0
   922                           
   923                           	psect	rparam
   924   000000                     
   925                           	psect	temp
   926   000058                     btemp:
   927                           	callstack 0
   928   000058                     	ds	1
   929   000000                     int$flags	set	btemp
   930   000000                     wtemp8	set	btemp+1
   931   000000                     ttemp5	set	btemp+1
   932   000000                     ttemp6	set	btemp+4
   933   000000                     ttemp7	set	btemp+8
   934                           
   935                           	psect	idloc
   936                           
   937                           ;Config register IDLOC0 @ 0x200000
   938                           ;	unspecified, using default values
   939   200000                     	org	2097152
   940   200000  FF                 	db	255
   941                           
   942                           ;Config register IDLOC1 @ 0x200001
   943                           ;	unspecified, using default values
   944   200001                     	org	2097153
   945   200001  FF                 	db	255
   946                           
   947                           ;Config register IDLOC2 @ 0x200002
   948                           ;	unspecified, using default values
   949   200002                     	org	2097154
   950   200002  FF                 	db	255
   951                           
   952                           ;Config register IDLOC3 @ 0x200003
   953                           ;	unspecified, using default values
   954   200003                     	org	2097155
   955   200003  FF                 	db	255
   956                           
   957                           ;Config register IDLOC4 @ 0x200004
   958                           ;	unspecified, using default values
   959   200004                     	org	2097156
   960   200004  FF                 	db	255
   961                           
   962                           ;Config register IDLOC5 @ 0x200005
   963                           ;	unspecified, using default values
   964   200005                     	org	2097157
   965   200005  FF                 	db	255
   966                           
   967                           ;Config register IDLOC6 @ 0x200006
   968                           ;	unspecified, using default values
   969   200006                     	org	2097158
   970   200006  FF                 	db	255
   971                           
   972                           ;Config register IDLOC7 @ 0x200007
   973                           ;	unspecified, using default values
   974   200007                     	org	2097159
   975   200007  FF                 	db	255
   976                           
   977                           	psect	config
   978                           
   979                           ; Padding undefined space
   980   300000                     	org	3145728
   981   300000  FF                 	db	255
   982                           
   983                           ;Config register CONFIG1H @ 0x300001
   984                           ;	Oscillator Selection bits
   985                           ;	OSC = HS, HS oscillator
   986                           ;	Fail-Safe Clock Monitor Enable bit
   987                           ;	FCMEN = OFF, Fail-Safe Clock Monitor disabled
   988                           ;	Internal/External Oscillator Switchover bit
   989                           ;	IESO = OFF, Oscillator Switchover mode disabled
   990   300001                     	org	3145729
   991   300001  02                 	db	2
   992                           
   993                           ;Config register CONFIG2L @ 0x300002
   994                           ;	Power-up Timer Enable bit
   995                           ;	PWRT = OFF, PWRT disabled
   996                           ;	Brown-out Reset Enable bits
   997                           ;	BOREN = OFF, Brown-out Reset disabled in hardware and software
   998                           ;	Brown Out Reset Voltage bits
   999                           ;	BORV = 1, 
  1000   300002                     	org	3145730
  1001   300002  09                 	db	9
  1002                           
  1003                           ;Config register CONFIG2H @ 0x300003
  1004                           ;	Watchdog Timer Enable bit
  1005                           ;	WDT = OFF, WDT disabled (control is placed on the SWDTEN bit)
  1006                           ;	Watchdog Timer Postscale Select bits
  1007                           ;	WDTPS = 32768, 1:32768
  1008   300003                     	org	3145731
  1009   300003  1E                 	db	30
  1010                           
  1011                           ; Padding undefined space
  1012   300004                     	org	3145732
  1013   300004  FF                 	db	255
  1014                           
  1015                           ;Config register CONFIG3H @ 0x300005
  1016                           ;	CCP2 MUX bit
  1017                           ;	CCP2MX = PORTC, CCP2 input/output is multiplexed with RC1
  1018                           ;	PORTB A/D Enable bit
  1019                           ;	PBADEN = OFF, PORTB<4:0> pins are configured as digital I/O on Reset
  1020                           ;	Low-Power Timer1 Oscillator Enable bit
  1021                           ;	LPT1OSC = OFF, Timer1 configured for higher power operation
  1022                           ;	MCLR Pin Enable bit
  1023                           ;	MCLRE = ON, MCLR pin enabled; RE3 input pin disabled
  1024   300005                     	org	3145733
  1025   300005  81                 	db	129
  1026                           
  1027                           ;Config register CONFIG4L @ 0x300006
  1028                           ;	Stack Full/Underflow Reset Enable bit
  1029                           ;	STVREN = ON, Stack full/underflow will cause Reset
  1030                           ;	Single-Supply ICSP Enable bit
  1031                           ;	LVP = OFF, Single-Supply ICSP disabled
  1032                           ;	Extended Instruction Set Enable bit
  1033                           ;	XINST = OFF, Instruction set extension and Indexed Addressing mode disabled (Legacy mo
      +                          de)
  1034                           ;	Background Debugger Enable bit
  1035                           ;	DEBUG = 0x1, unprogrammed default
  1036   300006                     	org	3145734
  1037   300006  81                 	db	129
  1038                           
  1039                           ; Padding undefined space
  1040   300007                     	org	3145735
  1041   300007  FF                 	db	255
  1042                           
  1043                           ;Config register CONFIG5L @ 0x300008
  1044                           ;	Code Protection bit
  1045                           ;	CP0 = OFF, Block 0 (000800-003FFFh) not code-protected
  1046                           ;	Code Protection bit
  1047                           ;	CP1 = OFF, Block 1 (004000-007FFFh) not code-protected
  1048                           ;	Code Protection bit
  1049                           ;	CP2 = OFF, Block 2 (008000-00BFFFh) not code-protected
  1050                           ;	Code Protection bit
  1051                           ;	CP3 = OFF, Block 3 (00C000-00FFFFh) not code-protected
  1052   300008                     	org	3145736
  1053   300008  0F                 	db	15
  1054                           
  1055                           ;Config register CONFIG5H @ 0x300009
  1056                           ;	Boot Block Code Protection bit
  1057                           ;	CPB = OFF, Boot block (000000-0007FFh) not code-protected
  1058                           ;	Data EEPROM Code Protection bit
  1059                           ;	CPD = OFF, Data EEPROM not code-protected
  1060   300009                     	org	3145737
  1061   300009  C0                 	db	192
  1062                           
  1063                           ;Config register CONFIG6L @ 0x30000A
  1064                           ;	Write Protection bit
  1065                           ;	WRT0 = OFF, Block 0 (000800-003FFFh) not write-protected
  1066                           ;	Write Protection bit
  1067                           ;	WRT1 = OFF, Block 1 (004000-007FFFh) not write-protected
  1068                           ;	Write Protection bit
  1069                           ;	WRT2 = OFF, Block 2 (008000-00BFFFh) not write-protected
  1070                           ;	Write Protection bit
  1071                           ;	WRT3 = OFF, Block 3 (00C000-00FFFFh) not write-protected
  1072   30000A                     	org	3145738
  1073   30000A  0F                 	db	15
  1074                           
  1075                           ;Config register CONFIG6H @ 0x30000B
  1076                           ;	Configuration Register Write Protection bit
  1077                           ;	WRTC = OFF, Configuration registers (300000-3000FFh) not write-protected
  1078                           ;	Boot Block Write Protection bit
  1079                           ;	WRTB = OFF, Boot Block (000000-0007FFh) not write-protected
  1080                           ;	Data EEPROM Write Protection bit
  1081                           ;	WRTD = OFF, Data EEPROM not write-protected
  1082   30000B                     	org	3145739
  1083   30000B  E0                 	db	224
  1084                           
  1085                           ;Config register CONFIG7L @ 0x30000C
  1086                           ;	Table Read Protection bit
  1087                           ;	EBTR0 = OFF, Block 0 (000800-003FFFh) not protected from table reads executed in other
      +                           blocks
  1088                           ;	Table Read Protection bit
  1089                           ;	EBTR1 = OFF, Block 1 (004000-007FFFh) not protected from table reads executed in other
      +                           blocks
  1090                           ;	Table Read Protection bit
  1091                           ;	EBTR2 = OFF, Block 2 (008000-00BFFFh) not protected from table reads executed in other
      +                           blocks
  1092                           ;	Table Read Protection bit
  1093                           ;	EBTR3 = OFF, Block 3 (00C000-00FFFFh) not protected from table reads executed in other
      +                           blocks
  1094   30000C                     	org	3145740
  1095   30000C  0F                 	db	15
  1096                           
  1097                           ;Config register CONFIG7H @ 0x30000D
  1098                           ;	Boot Block Table Read Protection bit
  1099                           ;	EBTRB = OFF, Boot Block (000000-0007FFh) not protected from table reads executed in ot
      +                          her blocks
  1100   30000D                     	org	3145741
  1101   30000D  40                 	db	64
  1102                           tosu	equ	0xFFF
  1103                           tosh	equ	0xFFE
  1104                           tosl	equ	0xFFD
  1105                           stkptr	equ	0xFFC
  1106                           pclatu	equ	0xFFB
  1107                           pclath	equ	0xFFA
  1108                           pcl	equ	0xFF9
  1109                           tblptru	equ	0xFF8
  1110                           tblptrh	equ	0xFF7
  1111                           tblptrl	equ	0xFF6
  1112                           tablat	equ	0xFF5
  1113                           prodh	equ	0xFF4
  1114                           prodl	equ	0xFF3
  1115                           indf0	equ	0xFEF
  1116                           postinc0	equ	0xFEE
  1117                           postdec0	equ	0xFED
  1118                           preinc0	equ	0xFEC
  1119                           plusw0	equ	0xFEB
  1120                           fsr0h	equ	0xFEA
  1121                           fsr0l	equ	0xFE9
  1122                           wreg	equ	0xFE8
  1123                           indf1	equ	0xFE7
  1124                           postinc1	equ	0xFE6
  1125                           postdec1	equ	0xFE5
  1126                           preinc1	equ	0xFE4
  1127                           plusw1	equ	0xFE3
  1128                           fsr1h	equ	0xFE2
  1129                           fsr1l	equ	0xFE1
  1130                           bsr	equ	0xFE0
  1131                           indf2	equ	0xFDF
  1132                           postinc2	equ	0xFDE
  1133                           postdec2	equ	0xFDD
  1134                           preinc2	equ	0xFDC
  1135                           plusw2	equ	0xFDB
  1136                           fsr2h	equ	0xFDA
  1137                           fsr2l	equ	0xFD9
  1138                           status	equ	0xFD8

Data Sizes:
    Strings     3
    Constant    16
    Data        30
    BSS         55
    Persistent  0
    Stack       0

Auto Spaces:
    Space          Size  Autos    Used
    COMRAM          126      2      87
    BANK0           128      0       0
    BANK1           256      0       0
    BANK2           256      0       0
    BANK3           256      0       0
    BANK4           256      0       0
    BANK5           256      0       0
    BANK6           256      0       0
    BANK7           256      0       0
    BANK8           256      0       0
    BANK9           256      0       0
    BANK10          256      0       0
    BANK11          256      0       0
    BANK12          256      0       0
    BANK13          256      0       0
    BANK14          256      0       0
    BANK15          128      0       0

Pointer List with Targets:

    eusart_Async_RX_Init@_usart$EUSART_FramingErrorHandler	PTR FTN()void  size(2) Largest target is 0

    eusart_Async_RX_Init@_usart$EUSART_OverrunErrorHandler	PTR FTN()void  size(2) Largest target is 0

    eusart_Async_RX_Init@_usart$EUSART_RXInterruptHandler	PTR FTN()void  size(2) Largest target is 0

    eusart_Async_RX_Init@_usart$EUSART_TXInterruptHandler	PTR FTN()void  size(2) Largest target is 0

    eusart_Async_TX_Init@_usart$EUSART_FramingErrorHandler	PTR FTN()void  size(2) Largest target is 0

    eusart_Async_TX_Init@_usart$EUSART_OverrunErrorHandler	PTR FTN()void  size(2) Largest target is 0

    eusart_Async_TX_Init@_usart$EUSART_RXInterruptHandler	PTR FTN()void  size(2) Largest target is 0

    eusart_Async_TX_Init@_usart$EUSART_TXInterruptHandler	PTR FTN()void  size(2) Largest target is 0

    eusart_BaudRate_Calculation@_usart$EUSART_FramingErrorHandler	PTR FTN()void  size(2) Largest target is 0

    eusart_BaudRate_Calculation@_usart$EUSART_OverrunErrorHandler	PTR FTN()void  size(2) Largest target is 0

    eusart_BaudRate_Calculation@_usart$EUSART_RXInterruptHandler	PTR FTN()void  size(2) Largest target is 0

    eusart_BaudRate_Calculation@_usart$EUSART_TXInterruptHandler	PTR FTN()void  size(2) Largest target is 0

    EUSART_FramingErr_InterruptHandler	PTR FTN()void  size(2) Largest target is 1
		 -> NULL(), 

    EUSART_OverrunErr_InterruptHandler	PTR FTN()void  size(2) Largest target is 1
		 -> NULL(), 

    EUSART_RX_InterruptHandler	PTR FTN()void  size(2) Largest target is 1
		 -> NULL(), 

    EUSART_TX_InterruptHandler	PTR FTN()void  size(2) Largest target is 1
		 -> NULL(), 

    f$.$buffer	PTR unsigned char  size(2) Largest target is 0

    f$.$source	PTR const unsigned char  size(2) Largest target is 0

    I2C_Initialize@_i2c$I2C_DeaultIntrruptHandler	PTR FTN()void  size(2) Largest target is 0
		 -> NULL(NULL[0]), 

    I2C_Initialize@_i2c$I2C_Report_Receive_Overflow	PTR FTN()void  size(2) Largest target is 0
		 -> NULL(NULL[0]), 

    I2C_Initialize@_i2c$I2C_Report_Write_Collosion	PTR FTN()void  size(2) Largest target is 0
		 -> NULL(NULL[0]), 

    INT0_Call_Back_fun	PTR FTN()void  size(2) Largest target is 1
		 -> NULL(), 

    INT1_Call_Back_fun	PTR FTN()void  size(2) Largest target is 1
		 -> NULL(), 

    INT2_Call_Back_fun	PTR FTN()void  size(2) Largest target is 1
		 -> NULL(), 

    Interrupt_INTx_Clear_Flag@obj$call_back	PTR FTN()void  size(2) Largest target is 0

    Interrupt_INTx_disable@obj$call_back	PTR FTN()void  size(2) Largest target is 0

    Interrupt_INTx_edge@obj$call_back	PTR FTN()void  size(2) Largest target is 0

    Interrupt_INTx_enable@obj$call_back	PTR FTN()void  size(2) Largest target is 0

    Interrupt_INTx_pin@obj$call_back	PTR FTN()void  size(2) Largest target is 0

    Interrupt_RBx_Call_Back@obj$HIGH_call_back	PTR FTN()void  size(2) Largest target is 0

    Interrupt_RBx_Call_Back@obj$LOW_call_back	PTR FTN()void  size(2) Largest target is 0

    Interrupt_RBx_pin@obj$HIGH_call_back	PTR FTN()void  size(2) Largest target is 0

    Interrupt_RBx_pin@obj$LOW_call_back	PTR FTN()void  size(2) Largest target is 0

    INTx_Set_Call_Back_fun@obj$call_back	PTR FTN()void  size(2) Largest target is 0

    lat_register	PTR volatile unsigned char [5] size(2) Largest target is 1
		 -> LATA(BITBIGSFRllllll[1]), LATB(ABS[1]), LATC(SFR[1]), LATD(BITBIGSFRllllh[1]), 
		 -> LATE(BITBIGSFRllllh[1]), 

    Master_Mode_Clock_CFG@_i2c$I2C_DeaultIntrruptHandler	PTR FTN()void  size(2) Largest target is 0
		 -> NULL(NULL[0]), 

    Master_Mode_Clock_CFG@_i2c$I2C_Report_Receive_Overflow	PTR FTN()void  size(2) Largest target is 0
		 -> NULL(NULL[0]), 

    Master_Mode_Clock_CFG@_i2c$I2C_Report_Write_Collosion	PTR FTN()void  size(2) Largest target is 0
		 -> NULL(NULL[0]), 

    MSSP_I2C$I2C_DeaultIntrruptHandler	PTR FTN()void  size(2) Largest target is 0
		 -> NULL(NULL[0]), 

    MSSP_I2C$I2C_Report_Receive_Overflow	PTR FTN()void  size(2) Largest target is 0
		 -> NULL(NULL[0]), 

    MSSP_I2C$I2C_Report_Write_Collosion	PTR FTN()void  size(2) Largest target is 0
		 -> NULL(NULL[0]), 

    MSSP_I2C_collision_IntrruptHandler	PTR FTN()void  size(2) Largest target is 1
		 -> NULL(), NULL(NULL[0]), 

    MSSP_I2C_InterruptHandler	PTR FTN()void  size(2) Largest target is 1
		 -> NULL(), NULL(NULL[0]), 

    MSSP_I2C_Intrrupt_Config@_i2c_$I2C_DeaultIntrruptHandler	PTR FTN()void  size(2) Largest target is 0
		 -> NULL(NULL[0]), 

    MSSP_I2C_Intrrupt_Config@_i2c_$I2C_Report_Receive_Overflow	PTR FTN()void  size(2) Largest target is 0
		 -> NULL(NULL[0]), 

    MSSP_I2C_Intrrupt_Config@_i2c_$I2C_Report_Write_Collosion	PTR FTN()void  size(2) Largest target is 0
		 -> NULL(NULL[0]), 

    MSSP_I2C_Recieve_OverFlow_InterruptHandler	PTR FTN()void  size(2) Largest target is 1
		 -> NULL(), NULL(NULL[0]), 

    port_register	PTR volatile unsigned char [5] size(2) Largest target is 1
		 -> PORTA(BITBIGSFRllllll[1]), PORTB(BITBIGSFRllllll[1]), PORTC(BITBIGSFRllllll[1]), PORTD(BITBIGSFRllllll[1]), 
		 -> PORTE(BITBIGSFRllllll[1]), 

    RB4_Call_Back_fun_HIGH	PTR FTN()void  size(2) Largest target is 1
		 -> NULL(), 

    RB4_Call_Back_fun_LOW	PTR FTN()void  size(2) Largest target is 1
		 -> NULL(), 

    RB5_Call_Back_fun_HIGH	PTR FTN()void  size(2) Largest target is 1
		 -> NULL(), 

    RB5_Call_Back_fun_LOW	PTR FTN()void  size(2) Largest target is 1
		 -> NULL(), 

    RB6_Call_Back_fun_HIGH	PTR FTN()void  size(2) Largest target is 1
		 -> NULL(), 

    RB6_Call_Back_fun_LOW	PTR FTN()void  size(2) Largest target is 1
		 -> NULL(), 

    RB7_Call_Back_fun_HIGH	PTR FTN()void  size(2) Largest target is 1
		 -> NULL(), 

    RB7_Call_Back_fun_LOW	PTR FTN()void  size(2) Largest target is 1
		 -> NULL(), 

    S163$I2C_DeaultIntrruptHandler	PTR FTN()void  size(2) Largest target is 0
		 -> NULL(NULL[0]), 

    S163$I2C_Report_Receive_Overflow	PTR FTN()void  size(2) Largest target is 0
		 -> NULL(NULL[0]), 

    S163$I2C_Report_Write_Collosion	PTR FTN()void  size(2) Largest target is 0
		 -> NULL(NULL[0]), 

    S2261$call_back	PTR FTN()void  size(2) Largest target is 0

    S2310$HIGH_call_back	PTR FTN()void  size(2) Largest target is 0

    S2310$LOW_call_back	PTR FTN()void  size(2) Largest target is 0

    S3181$EUSART_FramingErrorHandler	PTR FTN()void  size(2) Largest target is 0

    S3181$EUSART_OverrunErrorHandler	PTR FTN()void  size(2) Largest target is 0

    S3181$EUSART_RXInterruptHandler	PTR FTN()void  size(2) Largest target is 0

    S3181$EUSART_TXInterruptHandler	PTR FTN()void  size(2) Largest target is 0

    S4041$buffer	PTR unsigned char  size(2) Largest target is 0

    S4041$source	PTR const unsigned char  size(2) Largest target is 0

    Slave_Mode_Clock_CFG@_i2c$I2C_DeaultIntrruptHandler	PTR FTN()void  size(2) Largest target is 0
		 -> NULL(NULL[0]), 

    Slave_Mode_Clock_CFG@_i2c$I2C_Report_Receive_Overflow	PTR FTN()void  size(2) Largest target is 0
		 -> NULL(NULL[0]), 

    Slave_Mode_Clock_CFG@_i2c$I2C_Report_Write_Collosion	PTR FTN()void  size(2) Largest target is 0
		 -> NULL(NULL[0]), 

    sp__memset	PTR void  size(2) Largest target is 0

    SPI_Initialize@_spi	PTR const struct . size(1) Largest target is 1
		 -> spi_obj(COMRAM[1]), 

    tris_register	PTR volatile unsigned char [5] size(2) Largest target is 1
		 -> TRISA(BITBIGSFRllllll[1]), TRISB(ABS[1]), TRISC(SFR[1]), TRISD(ABS[1]), 
		 -> TRISE(ABS[1]), 

    vfprintf$0	PTR struct _IO_FILE size(1) Largest target is 12
		 -> sprintf@f(COMRAM[12]), 

    vfprintf$1	PTR const unsigned char  size(1) Largest target is 3
		 -> STR_1(CODE[3]), STR_2(CODE[3]), STR_3(CODE[3]), 

    vfprintf$2	PTR PTR void  size(1) Largest target is 1
		 -> sprintf@ap(COMRAM[1]), 


Critical Paths under _main in COMRAM

    _main->_SPI_Initialize

Critical Paths under _Interrupt_Manager in COMRAM

    None.

Critical Paths under _main in BANK0

    None.

Critical Paths under _Interrupt_Manager in BANK0

    None.

Critical Paths under _main in BANK1

    None.

Critical Paths under _Interrupt_Manager in BANK1

    None.

Critical Paths under _main in BANK2

    None.

Critical Paths under _Interrupt_Manager in BANK2

    None.

Critical Paths under _main in BANK3

    None.

Critical Paths under _Interrupt_Manager in BANK3

    None.

Critical Paths under _main in BANK4

    None.

Critical Paths under _Interrupt_Manager in BANK4

    None.

Critical Paths under _main in BANK5

    None.

Critical Paths under _Interrupt_Manager in BANK5

    None.

Critical Paths under _main in BANK6

    None.

Critical Paths under _Interrupt_Manager in BANK6

    None.

Critical Paths under _main in BANK7

    None.

Critical Paths under _Interrupt_Manager in BANK7

    None.

Critical Paths under _main in BANK8

    None.

Critical Paths under _Interrupt_Manager in BANK8

    None.

Critical Paths under _main in BANK9

    None.

Critical Paths under _Interrupt_Manager in BANK9

    None.

Critical Paths under _main in BANK10

    None.

Critical Paths under _Interrupt_Manager in BANK10

    None.

Critical Paths under _main in BANK11

    None.

Critical Paths under _Interrupt_Manager in BANK11

    None.

Critical Paths under _main in BANK12

    None.

Critical Paths under _Interrupt_Manager in BANK12

    None.

Critical Paths under _main in BANK13

    None.

Critical Paths under _Interrupt_Manager in BANK13

    None.

Critical Paths under _main in BANK14

    None.

Critical Paths under _Interrupt_Manager in BANK14

    None.

Critical Paths under _main in BANK15

    None.

Critical Paths under _Interrupt_Manager in BANK15

    None.

Call Graph Tables:

 ---------------------------------------------------------------------------------
 (Depth) Function   	        Calls       Base Space   Used Autos Params    Refs
 ---------------------------------------------------------------------------------
 (0) _main                                                 0     0      0     237
                     _SPI_Initialize
       _SPI_Master_Send_Byte_polling
 ---------------------------------------------------------------------------------
 (1) _SPI_Master_Send_Byte_polling                         2     2      0      20
                                              0 COMRAM     1     1      0
 ---------------------------------------------------------------------------------
 (1) _SPI_Initialize                                       3     2      1     217
                                              0 COMRAM     2     1      1
 ---------------------------------------------------------------------------------
 Estimated maximum stack depth 1
 ---------------------------------------------------------------------------------
 (Depth) Function   	        Calls       Base Space   Used Autos Params    Refs
 ---------------------------------------------------------------------------------
 (2) _Interrupt_Manager                                    0     0      0       0
                      _EUSART_RX_ISR
                      _EUSART_TX_ISR
              _MSSP_I2C_BUS_Colision
                       _MSSP_I2C_ISR
 ---------------------------------------------------------------------------------
 (3) _MSSP_I2C_ISR                                         0     0      0       0
 ---------------------------------------------------------------------------------
 (3) _MSSP_I2C_BUS_Colision                                0     0      0       0
 ---------------------------------------------------------------------------------
 (3) _EUSART_TX_ISR                                        0     0      0       0
 ---------------------------------------------------------------------------------
 (3) _EUSART_RX_ISR                                        0     0      0       0
 ---------------------------------------------------------------------------------
 Estimated maximum stack depth 3
 ---------------------------------------------------------------------------------

 Call Graph Graphs:

 _main (ROOT)
   _SPI_Initialize
   _SPI_Master_Send_Byte_polling

 _Interrupt_Manager (ROOT)
   _EUSART_RX_ISR
   _EUSART_TX_ISR
   _MSSP_I2C_BUS_Colision
   _MSSP_I2C_ISR

 Address spaces:
Name               Size   Autos  Total    Cost      Usage
BIGRAM             F7F      0       0      47        0.0%
EEDATA             400      0       0       0        0.0%
BITBANK14          100      0       0      33        0.0%
BANK14             100      0       0      34        0.0%
BITBANK13          100      0       0      31        0.0%
BANK13             100      0       0      32        0.0%
BITBANK12          100      0       0      29        0.0%
BANK12             100      0       0      30        0.0%
BITBANK11          100      0       0      27        0.0%
BANK11             100      0       0      28        0.0%
BITBANK10          100      0       0      25        0.0%
BANK10             100      0       0      26        0.0%
BITBANK9           100      0       0      23        0.0%
BANK9              100      0       0      24        0.0%
BITBANK8           100      0       0      21        0.0%
BANK8              100      0       0      22        0.0%
BITBANK7           100      0       0      18        0.0%
BANK7              100      0       0      19        0.0%
BITBANK6           100      0       0      16        0.0%
BANK6              100      0       0      17        0.0%
BITBANK5           100      0       0      14        0.0%
BANK5              100      0       0      15        0.0%
BITBANK4           100      0       0      12        0.0%
BANK4              100      0       0      13        0.0%
BITBANK3           100      0       0      10        0.0%
BANK3              100      0       0      11        0.0%
BITBANK2           100      0       0       8        0.0%
BANK2              100      0       0       9        0.0%
BITBANK1           100      0       0       6        0.0%
BANK1              100      0       0       7        0.0%
BITBANK15           80      0       0      35        0.0%
BANK15              80      0       0      36        0.0%
BITBANK0            80      0       0       4        0.0%
BANK0               80      0       0       5        0.0%
BITCOMRAM           7E      0       0       0        0.0%
COMRAM              7E      2      57       1       69.0%
BITBIGSFRhlhh       1A      0       0      38        0.0%
BITBIGSFRhh          D      0       0      37        0.0%
BITBIGSFRlllhhl      6      0       0      44        0.0%
BITBIGSFRhll         5      0       0      39        0.0%
BITBIGSFRlllhhl      4      0       0      41        0.0%
BITBIGSFRlllhhl      4      0       0      42        0.0%
BITBIGSFRllllh       4      0       0      45        0.0%
BITBIGSFRllllll      4      0       0      46        0.0%
BITBIGSFRlllhhl      1      0       0      40        0.0%
BITBIGSFRlllhhl      1      0       0      43        0.0%
BIGSFR               0      0       0     200        0.0%
BITSFR               0      0       0     200        0.0%
SFR                  0      0       0     200        0.0%
STACK                0      0       0       2        0.0%
NULL                 0      0       0       0        0.0%
ABS                  0      0      57      20        0.0%
DATA                 0      0      57       3        0.0%
CODE                 0      0       0       0        0.0%


Microchip Technology PIC18 Macro Assembler V2.45 build 20230818022343 
Symbol Table                                                                                   Sat Jan 06 16:13:30 2024

                            _SPI_Initialize 1016                                 _SSPSTATbits 0FC7  
                       ??_Interrupt_Manager 0056                                         _PR2 0FCB  
                                       u360 11CA                                         u361 11C6  
                     _RB4_Call_Back_fun_LOW 001B                       _RB7_Call_Back_fun_LOW 000F  
                       led_initialize@F3059 0034                                         wreg 0FE8  
                        _INT0_Call_Back_fun 0023                                        l1200 11CA  
                                      l1201 11CE                                        l1182 102A  
                                      l1192 10B8                                        l1189 10B6  
                                      l1198 11BC                                        l2580 11CC  
                                      l2582 11CE                                        l2576 11B8  
                                      l2578 11B8                                        l4700 117E  
                                      l4702 1184                                        l4704 118A  
                                      l4680 106A                                        l4672 1016  
                                      l4690 10A0                                        l4682 1070  
                                      l4674 1026                                        l4692 10B4  
                                      l4684 1084                                        l4676 1032  
                                      l4694 10B8                                        l4686 1086  
                                      l4678 1056                                        l4688 109A  
                                      l4698 1176                                        STR_1 1011  
                                      _LATA 0F89                                        _LATB 0F8A  
                                      _LATC 0F8B                                        _LATD 0F8C  
                                      _LATE 0F8D                                        u2900 1084  
                                      u2901 1080                                        u2910 109A  
                                      u2911 1096                                        u2920 10B4  
                                      u2921 10B0                                        u2870 1026  
                                      u2871 1022                                        u2880 104A  
                                      u2881 1042                                        u2890 106A  
                                      u2891 1066                                        u2888 104C  
                                      _TMR1 0FCE                                        _TMR2 0FCC  
                 __end_of_Interrupt_Manager 1140                                        _main 1176  
                    _RB4_Call_Back_fun_HIGH 001D                                        fsr2h 0FDA  
                                      indf2 0FDF                                        fsr1l 0FE1  
                                      fsr2l 0FD9                                        btemp 0058  
                    _RB7_Call_Back_fun_HIGH 0011                                        start 000E  
                    __end_of_SPI_Initialize 10BA                                ___param_bank 0000  
                             _EUSART_RX_ISR 11DC                               _EUSART_TX_ISR 11D8  
                                     ?_main 0056                                       _EEADR 0FA9  
                                     i2l890 11D2                                       i2l895 11D6  
                                     _RCREG 0FAE                                       _TMR0H 0FD7  
                                     _TMR1H 0FCF                                       _TMR0L 0FD6  
                                     _TMR1L 0FCE                                       _TMR3H 0FB3  
                                     _TMR3L 0FB2                                       _SPBRG 0FAF  
                                     _PORTA 0F80                                       _PORTB 0F81  
                                     _PORTC 0F82                                       _PORTD 0F83  
                                     _PORTE 0F84                                       _TRISA 0F92  
                                     _TRISB 0F93                                       _TRISC 0F94  
                                     _TRISD 0F95                                       _TRISE 0F96  
                                     _TXREG 0FAD                                       tablat 0FF5  
                                     ttemp5 0059                                       ttemp6 005C  
                                     ttemp7 0060                                       status 0FD8  
                                     wtemp8 0059                             ?_SPI_Initialize 0056  
                           __initialization 1140                                __end_of_main 1198  
                            ?_EUSART_RX_ISR 0056                              ?_EUSART_TX_ISR 0056  
                                    ??_main 0058                               __activetblptr 0003  
                          led_turn_on@F3064 0033                       _MSSP_I2C_BUS_Colision 11D4  
                                    _ADRESH 0FC4                                      _EEADRH 0FAA  
                                    _ADRESL 0FC3                                      _EEDATA 0FA8  
                                    _CCPR1H 0FBF                                      _CCPR2H 0FBC  
                                    _CCPR1L 0FBE                                      _CCPR2L 0FBB  
                                    _EECON2 0FA7        __end_of_SPI_Master_Send_Byte_polling 11D0  
              _SPI_Master_Send_Byte_polling 11B6                                      i2l1160 10DC  
                                    i2l1162 10FC                                      i2l1164 111C  
                                    i2l1167 113C                                      i2l1540 11DA  
                                    i2l1535 11DC                                      i2l2532 11D8  
                                    i2l4160 10EA                                      i2l2538 11DC  
                                    i2l2482 11D0                                      i2l4170 1138  
                                    i2l4162 10F8                                      i2l4154 10BC  
                                    i2l4164 110A                                      i2l4156 10CA  
                                    i2l4166 1118                                      i2l4158 10D8  
                                    i2l2488 11D4                                      i2l4168 112A  
                            _Timer0_Preload 000D                                      _SPBRGH 0FB0  
                                    _SSPADD 0FC8                                      _SSPBUF 0FC9  
                            _Timer1_Preload 000B                  _EUSART_RX_InterruptHandler 0005  
                             _tris_register 004C                              _Timer2_Preload 002D  
                            _Timer3_Preload 0009  _MSSP_I2C_Recieve_OverFlow_InterruptHandler 0027  
                                    clear_0 1166                                      isa$std 0001  
                              __pdataCOMRAM 0038                                __mediumconst 0000  
                                    tblptrh 0FF7                                      tblptrl 0FF6  
                                    tblptru 0FF8                                  __accesstop 0080  
                   __end_of__initialization 116C                               ___rparam_used 0001  
                            __pcstackCOMRAM 0056                             ??_EUSART_RX_ISR 0056  
                           ??_EUSART_TX_ISR 0056                      ?_MSSP_I2C_BUS_Colision 0056  
                        _INT1_Call_Back_fun 0021                        relay_intialize@F3053 0030  
                         led_turn_off@F3069 0032                       _RB5_Call_Back_fun_LOW 0017  
                             ?_MSSP_I2C_ISR 0056                        led_turn_toggle@F3074 0031  
                                _btn_keypad 1001                            ??_SPI_Initialize 0057  
                    _RB6_Call_Back_fun_HIGH 0015                                  _pin1_motor 0036  
                                _pin2_motor 0035                                     __Hparam 0000  
                                   __Lparam 0000                   _MSSP_I2C_InterruptHandler 0029  
                              __psmallconst 1000                                     __pcinit 1140  
                                   __ramtop 1000                                     __ptext0 1176  
                                   __ptext1 11B6                               relay_on@F3058 002F  
                                   __ptext2 1016                                     __ptext4 11D0  
                                   __ptext5 11D4                                     __ptext6 11D8  
                                   __ptext7 11DC                                   _T0CONbits 0FD5  
                                 _T1CONbits 0FCD                              ??_MSSP_I2C_ISR 0056  
                                 _T2CONbits 0FCA                                   _T3CONbits 0FB1  
                                   _spi_obj 0037                              __pintcode_body 10BA  
                      end_of_initialization 116C                                     int_func 10BA  
                                 _RCSTAbits 0FAB                                     postdec1 0FE5  
                                   postinc0 0FEE                                   _TRISAbits 0F92  
                                 _TRISCbits 0F94                                 _CCP1CONbits 0FBD  
                               _CCP2CONbits 0FBA                                   _TXSTAbits 0FAC  
        _MSSP_I2C_collision_IntrruptHandler 0025                                 _BAUDCONbits 0FB8  
                             __pidataCOMRAM 1198                     ??_MSSP_I2C_BUS_Colision 0056  
        _EUSART_FramingErr_InterruptHandler 0001                         start_initialization 1140  
                              _lat_register 0042                          _INT2_Call_Back_fun 001F  
                      __end_of_MSSP_I2C_ISR 11D4                       __end_of_EUSART_RX_ISR 11DE  
                     __end_of_EUSART_TX_ISR 11DC                                 __pbssCOMRAM 0001  
             ?_SPI_Master_Send_Byte_polling 0056                                   __pintcode 0008  
                               __smallconst 1000                       _RB6_Call_Back_fun_LOW 0013  
                                  _LATCbits 0F8B                      _RB5_Call_Back_fun_HIGH 0019  
                                  _PIE1bits 0F9D                                    _PIE2bits 0FA0  
                                  i2u220_40 10F8                                    i2u220_41 10F4  
                                  i2u221_40 110A                                    i2u221_41 1106  
                                  i2u222_40 1118                                    i2u222_41 1114  
                                  i2u223_40 112A                                    i2u223_41 1126  
                                  i2u224_40 1138                                    i2u224_41 1134  
                                  i2u217_40 10CA                                    i2u217_41 10C6  
                                  i2u218_40 10D8                                    i2u218_41 10D4  
                                  i2u219_40 10EA                                    i2u219_41 10E6  
                                  _PIR1bits 0F9E                                    _PIR2bits 0FA1  
                                _ADCON0bits 0FC2                                  _ADCON1bits 0FC1  
                                _ADCON2bits 0FC0                          SPI_Initialize@_spi 0056  
                                 copy_data0 1154                                  _EECON1bits 0FA6  
                                  __Hrparam 0000                                    __Lrparam 0000  
            ??_SPI_Master_Send_Byte_polling 0056                          __end_of_btn_keypad 1011  
             __end_of_MSSP_I2C_BUS_Colision 11D8                                _MSSP_I2C_ISR 11D0  
                _EUSART_TX_InterruptHandler 0007            SPI_Master_Send_Byte_polling@data 0056  
                            relay_off@F3063 002E                                    isa$xinst 0000  
                                  int$flags 0058                                  _INTCONbits 0FF2  
                                  intlevel2 0000          _EUSART_OverrunErr_InterruptHandler 0003  
           CCP_CaptureMode_Read_Value@F3124 002B                                 _SSPCON1bits 0FC6  
                               _SSPCON2bits 0FC5                               _port_register 0038  
                         _Interrupt_Manager 0008                          ?_Interrupt_Manager 0056  
